<?xml version="1.0" encoding="UTF-8"?>
<testng-results skipped="0" failed="0" ignored="0" total="4" passed="4">
  <reporter-output>
  </reporter-output>
  <suite name="Default suite" duration-ms="1449" started-at="2021-12-27T18:27:12 IST" finished-at="2021-12-27T18:27:13 IST">
    <groups>
      <group name="cucumber">
        <method signature="AbstractTestNGCucumberTests.runScenario(io.cucumber.testng.PickleWrapper,io.cucumber.testng.FeatureWrapper)[pri:0, instance:testrunner.TestRunner@78186a70]" name="runScenario" class="io.cucumber.testng.AbstractTestNGCucumberTests"/>
      </group> <!-- cucumber -->
    </groups>
    <test name="Default test" duration-ms="1449" started-at="2021-12-27T18:27:12 IST" finished-at="2021-12-27T18:27:13 IST">
      <class name="testrunner.TestRunner">
        <test-method status="PASS" signature="setUpClass(org.testng.ITestContext)[pri:0, instance:testrunner.TestRunner@78186a70]" name="setUpClass" is-config="true" duration-ms="926" started-at="2021-12-27T18:27:12 IST" finished-at="2021-12-27T18:27:13 IST">
          <params>
            <param index="0">
              <value>
                <![CDATA[org.testng.TestRunner@4c60d6e9]]>
              </value>
            </param>
          </params>
          <reporter-output>
          </reporter-output>
        </test-method> <!-- setUpClass -->
        <test-method status="PASS" signature="runScenario(io.cucumber.testng.PickleWrapper,io.cucumber.testng.FeatureWrapper)[pri:0, instance:testrunner.TestRunner@78186a70]" name="runScenario" duration-ms="244" started-at="2021-12-27T18:27:13 IST" description="Runs Cucumber Scenarios" data-provider="scenarios" finished-at="2021-12-27T18:27:13 IST">
          <params>
            <param index="0">
              <value>
                <![CDATA[""]]>
              </value>
            </param>
            <param index="1">
              <value>
                <![CDATA["Optional[Craete Org]"]]>
              </value>
            </param>
          </params>
          <reporter-output>
          </reporter-output>
        </test-method> <!-- runScenario -->
        <test-method status="PASS" signature="runScenario(io.cucumber.testng.PickleWrapper,io.cucumber.testng.FeatureWrapper)[pri:0, instance:testrunner.TestRunner@78186a70]" name="runScenario" duration-ms="51" started-at="2021-12-27T18:27:13 IST" description="Runs Cucumber Scenarios" data-provider="scenarios" finished-at="2021-12-27T18:27:13 IST">
          <params>
            <param index="0">
              <value>
                <![CDATA[""]]>
              </value>
            </param>
            <param index="1">
              <value>
                <![CDATA["Optional[Craete Org]"]]>
              </value>
            </param>
          </params>
          <reporter-output>
          </reporter-output>
        </test-method> <!-- runScenario -->
        <test-method status="PASS" signature="runScenario(io.cucumber.testng.PickleWrapper,io.cucumber.testng.FeatureWrapper)[pri:0, instance:testrunner.TestRunner@78186a70]" name="runScenario" duration-ms="43" started-at="2021-12-27T18:27:13 IST" description="Runs Cucumber Scenarios" data-provider="scenarios" finished-at="2021-12-27T18:27:13 IST">
          <params>
            <param index="0">
              <value>
                <![CDATA[""]]>
              </value>
            </param>
            <param index="1">
              <value>
                <![CDATA["Optional[Craete Org]"]]>
              </value>
            </param>
          </params>
          <reporter-output>
          </reporter-output>
        </test-method> <!-- runScenario -->
        <test-method status="PASS" signature="runScenario(io.cucumber.testng.PickleWrapper,io.cucumber.testng.FeatureWrapper)[pri:0, instance:testrunner.TestRunner@78186a70]" name="runScenario" duration-ms="36" started-at="2021-12-27T18:27:13 IST" description="Runs Cucumber Scenarios" data-provider="scenarios" finished-at="2021-12-27T18:27:13 IST">
          <params>
            <param index="0">
              <value>
                <![CDATA[""]]>
              </value>
            </param>
            <param index="1">
              <value>
                <![CDATA["Optional[Craete Org]"]]>
              </value>
            </param>
          </params>
          <reporter-output>
          </reporter-output>
        </test-method> <!-- runScenario -->
        <test-method status="PASS" signature="tearDownClass()[pri:0, instance:testrunner.TestRunner@78186a70]" name="tearDownClass" is-config="true" duration-ms="19" started-at="2021-12-27T18:27:13 IST" finished-at="2021-12-27T18:27:13 IST">
          <reporter-output>
          </reporter-output>
        </test-method> <!-- tearDownClass -->
      </class> <!-- testrunner.TestRunner -->
    </test> <!-- Default test -->
  </suite> <!-- Default suite -->
</testng-results>
