<?xml version="1.0" encoding="UTF-8"?>
<testng-results skipped="0" failed="0" ignored="0" total="3" passed="3">
  <reporter-output>
  </reporter-output>
  <suite name="Default suite" duration-ms="3189" started-at="2022-07-21T16:31:34 IST" finished-at="2022-07-21T16:31:37 IST">
    <groups>
      <group name="cucumber">
        <method signature="AbstractTestNGCucumberTests.runScenario(io.cucumber.testng.PickleWrapper,io.cucumber.testng.FeatureWrapper)[pri:0, instance:testrunner.TestRunner@78186a70]" name="runScenario" class="io.cucumber.testng.AbstractTestNGCucumberTests"/>
      </group> <!-- cucumber -->
    </groups>
    <test name="Default test" duration-ms="3189" started-at="2022-07-21T16:31:34 IST" finished-at="2022-07-21T16:31:37 IST">
      <class name="testrunner.TestRunner">
        <test-method status="PASS" signature="setUpClass(org.testng.ITestContext)[pri:0, instance:testrunner.TestRunner@78186a70]" name="setUpClass" is-config="true" duration-ms="2027" started-at="2022-07-21T16:31:34 IST" finished-at="2022-07-21T16:31:36 IST">
          <params>
            <param index="0">
              <value>
                <![CDATA[org.testng.TestRunner@7164ca4c]]>
              </value>
            </param>
          </params>
          <reporter-output>
          </reporter-output>
        </test-method> <!-- setUpClass -->
        <test-method status="PASS" signature="runScenario(io.cucumber.testng.PickleWrapper,io.cucumber.testng.FeatureWrapper)[pri:0, instance:testrunner.TestRunner@78186a70]" name="runScenario" duration-ms="615" started-at="2022-07-21T16:31:36 IST" description="Runs Cucumber Scenarios" data-provider="scenarios" finished-at="2022-07-21T16:31:36 IST">
          <params>
            <param index="0">
              <value>
                <![CDATA["Search for Samsung Mobile"]]>
              </value>
            </param>
            <param index="1">
              <value>
                <![CDATA["Optional[Flipkart Search Functionality]"]]>
              </value>
            </param>
          </params>
          <reporter-output>
          </reporter-output>
        </test-method> <!-- runScenario -->
        <test-method status="PASS" signature="runScenario(io.cucumber.testng.PickleWrapper,io.cucumber.testng.FeatureWrapper)[pri:0, instance:testrunner.TestRunner@78186a70]" name="runScenario" duration-ms="75" started-at="2022-07-21T16:31:36 IST" description="Runs Cucumber Scenarios" data-provider="scenarios" finished-at="2022-07-21T16:31:36 IST">
          <params>
            <param index="0">
              <value>
                <![CDATA["Search for Samsung TV"]]>
              </value>
            </param>
            <param index="1">
              <value>
                <![CDATA["Optional[Flipkart Search Functionality]"]]>
              </value>
            </param>
          </params>
          <reporter-output>
          </reporter-output>
        </test-method> <!-- runScenario -->
        <test-method status="PASS" signature="runScenario(io.cucumber.testng.PickleWrapper,io.cucumber.testng.FeatureWrapper)[pri:0, instance:testrunner.TestRunner@78186a70]" name="runScenario" duration-ms="46" started-at="2022-07-21T16:31:36 IST" description="Runs Cucumber Scenarios" data-provider="scenarios" finished-at="2022-07-21T16:31:36 IST">
          <params>
            <param index="0">
              <value>
                <![CDATA["Search for MI TV"]]>
              </value>
            </param>
            <param index="1">
              <value>
                <![CDATA["Optional[Flipkart Search Functionality]"]]>
              </value>
            </param>
          </params>
          <reporter-output>
          </reporter-output>
        </test-method> <!-- runScenario -->
        <test-method status="PASS" signature="tearDownClass()[pri:0, instance:testrunner.TestRunner@78186a70]" name="tearDownClass" is-config="true" duration-ms="254" started-at="2022-07-21T16:31:36 IST" finished-at="2022-07-21T16:31:37 IST">
          <reporter-output>
          </reporter-output>
        </test-method> <!-- tearDownClass -->
      </class> <!-- testrunner.TestRunner -->
    </test> <!-- Default test -->
  </suite> <!-- Default suite -->
</testng-results>
